<?xml version="1.0" encoding="UTF-8"?>
<!-- Generated by org.testng.reporters.JUnitXMLReporter -->
<testsuite ignored="0" hostname="LAPTOP-IKS9SD1L" failures="2" tests="15" name="Surefire test" time="116.371" errors="0" timestamp="2021-08-24T07:45:00 IST">
  <testcase classname="kite.qa.testScripts.DashboardPageTest" name="@BeforeMethod setup" time="26.448">
    <failure type="org.openqa.selenium.NoSuchElementException" message="no such element: Unable to locate element: {&amp;quot;method&amp;quot;:&amp;quot;xpath&amp;quot;,&amp;quot;selector&amp;quot;:&amp;quot;//*[@id=&amp;quot;container&amp;quot;]/div/div/div/form/div[2]/div/input&amp;quot;}
  (Session info: MicrosoftEdge=92.0.902.78)
For documentation on this error, please visit: https://www.seleniumhq.org/exceptions/no_such_element.html
Build info: version: &amp;apos;3.141.59&amp;apos;, revision: &amp;apos;e82be7d358&amp;apos;, time: &amp;apos;2018-11-14T08:17:03&amp;apos;
System info: host: &amp;apos;LAPTOP-IKS9SD1L&amp;apos;, ip: &amp;apos;192.168.194.1&amp;apos;, os.name: &amp;apos;Windows 10&amp;apos;, os.arch: &amp;apos;amd64&amp;apos;, os.version: &amp;apos;10.0&amp;apos;, java.version: &amp;apos;15.0.2&amp;apos;
Driver info: org.openqa.selenium.edge.EdgeDriver
Capabilities {acceptInsecureCerts: false, browserName: msedge, browserVersion: 92.0.902.78, javascriptEnabled: true, ms:edgeOptions: {debuggerAddress: localhost:61598}, msedge: {msedgedriverVersion: 92.0.902.78 (cf138c12fbef5d..., userDataDir: C:\Users\Sharayu\AppData\Lo...}, networkConnectionEnabled: false, pageLoadStrategy: normal, platform: WINDOWS, platformName: WINDOWS, proxy: Proxy(), setWindowRect: true, strictFileInteractability: false, timeouts: {implicit: 0, pageLoad: 300000, script: 30000}, unhandledPromptBehavior: dismiss and notify, webauthn:extension:credBlob: true, webauthn:extension:largeBlob: true, webauthn:virtualAuthenticators: true}
Session ID: d77661add996ee22a6a7a2c5b97134d0
*** Element info: {Using=xpath, value=//*[@id=&amp;quot;container&amp;quot;]/div/div/div/form/div[2]/div/input}">
      <![CDATA[org.openqa.selenium.NoSuchElementException: no such element: Unable to locate element: {"method":"xpath","selector":"//*[@id="container"]/div/div/div/form/div[2]/div/input"}
  (Session info: MicrosoftEdge=92.0.902.78)
For documentation on this error, please visit: https://www.seleniumhq.org/exceptions/no_such_element.html
Build info: version: '3.141.59', revision: 'e82be7d358', time: '2018-11-14T08:17:03'
System info: host: 'LAPTOP-IKS9SD1L', ip: '192.168.194.1', os.name: 'Windows 10', os.arch: 'amd64', os.version: '10.0', java.version: '15.0.2'
Driver info: org.openqa.selenium.edge.EdgeDriver
Capabilities {acceptInsecureCerts: false, browserName: msedge, browserVersion: 92.0.902.78, javascriptEnabled: true, ms:edgeOptions: {debuggerAddress: localhost:61598}, msedge: {msedgedriverVersion: 92.0.902.78 (cf138c12fbef5d..., userDataDir: C:\Users\Sharayu\AppData\Lo...}, networkConnectionEnabled: false, pageLoadStrategy: normal, platform: WINDOWS, platformName: WINDOWS, proxy: Proxy(), setWindowRect: true, strictFileInteractability: false, timeouts: {implicit: 0, pageLoad: 300000, script: 30000}, unhandledPromptBehavior: dismiss and notify, webauthn:extension:credBlob: true, webauthn:extension:largeBlob: true, webauthn:virtualAuthenticators: true}
Session ID: d77661add996ee22a6a7a2c5b97134d0
*** Element info: {Using=xpath, value=//*[@id="container"]/div/div/div/form/div[2]/div/input}
at org.openqa.selenium.remote.http.W3CHttpResponseCodec.createException(W3CHttpResponseCodec.java:187)
at org.openqa.selenium.remote.http.W3CHttpResponseCodec.decode(W3CHttpResponseCodec.java:122)
at org.openqa.selenium.remote.http.W3CHttpResponseCodec.decode(W3CHttpResponseCodec.java:49)
at org.openqa.selenium.remote.HttpCommandExecutor.execute(HttpCommandExecutor.java:158)
at org.openqa.selenium.remote.service.DriverCommandExecutor.execute(DriverCommandExecutor.java:83)
at org.openqa.selenium.remote.RemoteWebDriver.execute(RemoteWebDriver.java:552)
at org.openqa.selenium.remote.RemoteWebDriver.findElement(RemoteWebDriver.java:323)
at org.openqa.selenium.remote.RemoteWebDriver.findElementByXPath(RemoteWebDriver.java:428)
at org.openqa.selenium.By$ByXPath.findElement(By.java:353)
at org.openqa.selenium.remote.RemoteWebDriver.findElement(RemoteWebDriver.java:315)
at org.openqa.selenium.support.events.EventFiringWebDriver.lambda$new$1(EventFiringWebDriver.java:105)
at com.sun.proxy.$Proxy7.findElement(Unknown Source)
at org.openqa.selenium.support.events.EventFiringWebDriver.findElement(EventFiringWebDriver.java:194)
at org.openqa.selenium.support.pagefactory.DefaultElementLocator.findElement(DefaultElementLocator.java:69)
at org.openqa.selenium.support.pagefactory.internal.LocatingElementHandler.invoke(LocatingElementHandler.java:38)
at com.sun.proxy.$Proxy11.sendKeys(Unknown Source)
at kite.qa.pages.LoginPage2.checkPin(LoginPage2.java:32)
at kite.qa.testScripts.DashboardPageTest.setup(DashboardPageTest.java:35)
at java.base/java.util.ArrayList.forEach(ArrayList.java:1511)
... Removed 45 stack frames]]>
    </failure>
  </testcase> <!-- @BeforeMethod setup -->
  <testcase classname="kite.qa.testScripts.DashboardPageTest" name="@AfterMethod tearDown" time="-1.629771210124E9">
    <skipped/>
  </testcase> <!-- @AfterMethod tearDown -->
  <testcase classname="kite.qa.testScripts.DashboardPageTest" name="@BeforeMethod setup" time="-1.62977121013E9">
    <skipped/>
  </testcase> <!-- @BeforeMethod setup -->
  <testcase classname="kite.qa.testScripts.DashboardPageTest" name="@AfterMethod tearDown" time="-1.629771210137E9">
    <skipped/>
  </testcase> <!-- @AfterMethod tearDown -->
  <testcase classname="kite.qa.testScripts.DashboardPageTest" name="@BeforeMethod setup" time="-1.629771210138E9">
    <skipped/>
  </testcase> <!-- @BeforeMethod setup -->
  <testcase classname="kite.qa.testScripts.DashboardPageTest" name="@AfterMethod tearDown" time="-1.62977121014E9">
    <skipped/>
  </testcase> <!-- @AfterMethod tearDown -->
  <testcase classname="kite.qa.testScripts.DashboardPageTest" name="@BeforeMethod setup" time="-1.629771210141E9">
    <skipped/>
  </testcase> <!-- @BeforeMethod setup -->
  <testcase classname="kite.qa.testScripts.DashboardPageTest" name="@AfterMethod tearDown" time="-1.629771210143E9">
    <skipped/>
  </testcase> <!-- @AfterMethod tearDown -->
  <testcase classname="kite.qa.testScripts.DashboardPageTest" name="@BeforeMethod setup" time="-1.629771210145E9">
    <skipped/>
  </testcase> <!-- @BeforeMethod setup -->
  <testcase classname="kite.qa.testScripts.DashboardPageTest" name="@AfterMethod tearDown" time="-1.629771210149E9">
    <skipped/>
  </testcase> <!-- @AfterMethod tearDown -->
  <testcase classname="kite.qa.testScripts.DashboardPageTest" name="@BeforeMethod setup" time="-1.629771210151E9">
    <skipped/>
  </testcase> <!-- @BeforeMethod setup -->
  <testcase classname="kite.qa.testScripts.DashboardPageTest" name="@AfterMethod tearDown" time="-1.629771210153E9">
    <skipped/>
  </testcase> <!-- @AfterMethod tearDown -->
  <testcase classname="kite.qa.testScripts.DashboardPageTest" name="@BeforeMethod setup" time="-1.629771210154E9">
    <skipped/>
  </testcase> <!-- @BeforeMethod setup -->
  <testcase classname="kite.qa.testScripts.DashboardPageTest" name="@AfterMethod tearDown" time="-1.629771210155E9">
    <skipped/>
  </testcase> <!-- @AfterMethod tearDown -->
  <testcase classname="kite.qa.testScripts.DashboardPageTest" name="checkBtnBlueTest" time="0.0">
    <skipped/>
  </testcase> <!-- checkBtnBlueTest -->
  <testcase classname="kite.qa.testScripts.DashboardPageTest" name="checkMarketULTest" time="0.0">
    <skipped/>
  </testcase> <!-- checkMarketULTest -->
  <testcase classname="kite.qa.testScripts.DashboardPageTest" name="checkNicknameTest" time="0.0">
    <skipped/>
  </testcase> <!-- checkNicknameTest -->
  <testcase classname="kite.qa.testScripts.DashboardPageTest" name="checkSearchMarketTest" time="0.0">
    <skipped/>
  </testcase> <!-- checkSearchMarketTest -->
  <testcase classname="kite.qa.testScripts.DashboardPageTest" name="checkUserIdLabelTest" time="0.0">
    <skipped/>
  </testcase> <!-- checkUserIdLabelTest -->
  <testcase classname="kite.qa.testScripts.DashboardPageTest" name="checkUserImageTest" time="0.0">
    <skipped/>
  </testcase> <!-- checkUserImageTest -->
  <testcase classname="kite.qa.testScripts.DashboardPageTest" name="getTitleTest" time="0.0">
    <skipped/>
  </testcase> <!-- getTitleTest -->
  <testcase classname="kite.qa.testScripts.LoginPage2Test" name="checkTitleTest" time="0.431"/>
  <testcase classname="kite.qa.testScripts.LoginPage2Test" name="checkPinTest" time="20.026">
    <failure type="org.openqa.selenium.NoSuchElementException" message="no such element: Unable to locate element: {&amp;quot;method&amp;quot;:&amp;quot;xpath&amp;quot;,&amp;quot;selector&amp;quot;:&amp;quot;//*[@id=&amp;quot;container&amp;quot;]/div/div/div/form/div[2]/div/input&amp;quot;}
  (Session info: MicrosoftEdge=92.0.902.78)
For documentation on this error, please visit: https://www.seleniumhq.org/exceptions/no_such_element.html
Build info: version: &amp;apos;3.141.59&amp;apos;, revision: &amp;apos;e82be7d358&amp;apos;, time: &amp;apos;2018-11-14T08:17:03&amp;apos;
System info: host: &amp;apos;LAPTOP-IKS9SD1L&amp;apos;, ip: &amp;apos;192.168.194.1&amp;apos;, os.name: &amp;apos;Windows 10&amp;apos;, os.arch: &amp;apos;amd64&amp;apos;, os.version: &amp;apos;10.0&amp;apos;, java.version: &amp;apos;15.0.2&amp;apos;
Driver info: org.openqa.selenium.edge.EdgeDriver
Capabilities {acceptInsecureCerts: false, browserName: msedge, browserVersion: 92.0.902.78, javascriptEnabled: true, ms:edgeOptions: {debuggerAddress: localhost:62606}, msedge: {msedgedriverVersion: 92.0.902.78 (cf138c12fbef5d..., userDataDir: C:\Users\Sharayu\AppData\Lo...}, networkConnectionEnabled: false, pageLoadStrategy: normal, platform: WINDOWS, platformName: WINDOWS, proxy: Proxy(), setWindowRect: true, strictFileInteractability: false, timeouts: {implicit: 0, pageLoad: 300000, script: 30000}, unhandledPromptBehavior: dismiss and notify, webauthn:extension:credBlob: true, webauthn:extension:largeBlob: true, webauthn:virtualAuthenticators: true}
Session ID: 59aafc83b006c7d1b430281293495ca7
*** Element info: {Using=xpath, value=//*[@id=&amp;quot;container&amp;quot;]/div/div/div/form/div[2]/div/input}">
      <![CDATA[org.openqa.selenium.NoSuchElementException: no such element: Unable to locate element: {"method":"xpath","selector":"//*[@id="container"]/div/div/div/form/div[2]/div/input"}
  (Session info: MicrosoftEdge=92.0.902.78)
For documentation on this error, please visit: https://www.seleniumhq.org/exceptions/no_such_element.html
Build info: version: '3.141.59', revision: 'e82be7d358', time: '2018-11-14T08:17:03'
System info: host: 'LAPTOP-IKS9SD1L', ip: '192.168.194.1', os.name: 'Windows 10', os.arch: 'amd64', os.version: '10.0', java.version: '15.0.2'
Driver info: org.openqa.selenium.edge.EdgeDriver
Capabilities {acceptInsecureCerts: false, browserName: msedge, browserVersion: 92.0.902.78, javascriptEnabled: true, ms:edgeOptions: {debuggerAddress: localhost:62606}, msedge: {msedgedriverVersion: 92.0.902.78 (cf138c12fbef5d..., userDataDir: C:\Users\Sharayu\AppData\Lo...}, networkConnectionEnabled: false, pageLoadStrategy: normal, platform: WINDOWS, platformName: WINDOWS, proxy: Proxy(), setWindowRect: true, strictFileInteractability: false, timeouts: {implicit: 0, pageLoad: 300000, script: 30000}, unhandledPromptBehavior: dismiss and notify, webauthn:extension:credBlob: true, webauthn:extension:largeBlob: true, webauthn:virtualAuthenticators: true}
Session ID: 59aafc83b006c7d1b430281293495ca7
*** Element info: {Using=xpath, value=//*[@id="container"]/div/div/div/form/div[2]/div/input}
at org.openqa.selenium.remote.http.W3CHttpResponseCodec.createException(W3CHttpResponseCodec.java:187)
at org.openqa.selenium.remote.http.W3CHttpResponseCodec.decode(W3CHttpResponseCodec.java:122)
at org.openqa.selenium.remote.http.W3CHttpResponseCodec.decode(W3CHttpResponseCodec.java:49)
at org.openqa.selenium.remote.HttpCommandExecutor.execute(HttpCommandExecutor.java:158)
at org.openqa.selenium.remote.service.DriverCommandExecutor.execute(DriverCommandExecutor.java:83)
at org.openqa.selenium.remote.RemoteWebDriver.execute(RemoteWebDriver.java:552)
at org.openqa.selenium.remote.RemoteWebDriver.findElement(RemoteWebDriver.java:323)
at org.openqa.selenium.remote.RemoteWebDriver.findElementByXPath(RemoteWebDriver.java:428)
at org.openqa.selenium.By$ByXPath.findElement(By.java:353)
at org.openqa.selenium.remote.RemoteWebDriver.findElement(RemoteWebDriver.java:315)
at org.openqa.selenium.support.events.EventFiringWebDriver.lambda$new$1(EventFiringWebDriver.java:105)
at com.sun.proxy.$Proxy7.findElement(Unknown Source)
at org.openqa.selenium.support.events.EventFiringWebDriver.findElement(EventFiringWebDriver.java:194)
at org.openqa.selenium.support.pagefactory.DefaultElementLocator.findElement(DefaultElementLocator.java:69)
at org.openqa.selenium.support.pagefactory.internal.LocatingElementHandler.invoke(LocatingElementHandler.java:38)
at com.sun.proxy.$Proxy11.sendKeys(Unknown Source)
at kite.qa.pages.LoginPage2.checkPin(LoginPage2.java:32)
at kite.qa.testScripts.LoginPage2Test.checkPinTest(LoginPage2Test.java:44)
at java.base/java.util.ArrayList.forEach(ArrayList.java:1511)
... Removed 41 stack frames]]>
    </failure>
  </testcase> <!-- checkPinTest -->
  <testcase classname="kite.qa.testScripts.LoginPage2Test" name="checkForgotPasswordLinkTest" time="20.025">
    <failure type="org.openqa.selenium.NoSuchElementException" message="no such element: Unable to locate element: {&amp;quot;method&amp;quot;:&amp;quot;link text&amp;quot;,&amp;quot;selector&amp;quot;:&amp;quot;Forgot 2FA?&amp;quot;}
  (Session info: MicrosoftEdge=92.0.902.78)
For documentation on this error, please visit: https://www.seleniumhq.org/exceptions/no_such_element.html
Build info: version: &amp;apos;3.141.59&amp;apos;, revision: &amp;apos;e82be7d358&amp;apos;, time: &amp;apos;2018-11-14T08:17:03&amp;apos;
System info: host: &amp;apos;LAPTOP-IKS9SD1L&amp;apos;, ip: &amp;apos;192.168.194.1&amp;apos;, os.name: &amp;apos;Windows 10&amp;apos;, os.arch: &amp;apos;amd64&amp;apos;, os.version: &amp;apos;10.0&amp;apos;, java.version: &amp;apos;15.0.2&amp;apos;
Driver info: org.openqa.selenium.edge.EdgeDriver
Capabilities {acceptInsecureCerts: false, browserName: msedge, browserVersion: 92.0.902.78, javascriptEnabled: true, ms:edgeOptions: {debuggerAddress: localhost:52527}, msedge: {msedgedriverVersion: 92.0.902.78 (cf138c12fbef5d..., userDataDir: C:\Users\Sharayu\AppData\Lo...}, networkConnectionEnabled: false, pageLoadStrategy: normal, platform: WINDOWS, platformName: WINDOWS, proxy: Proxy(), setWindowRect: true, strictFileInteractability: false, timeouts: {implicit: 0, pageLoad: 300000, script: 30000}, unhandledPromptBehavior: dismiss and notify, webauthn:extension:credBlob: true, webauthn:extension:largeBlob: true, webauthn:virtualAuthenticators: true}
Session ID: 2eabc0fecc79bb72a8765dc4932a6432
*** Element info: {Using=link text, value=Forgot 2FA?}">
      <![CDATA[org.openqa.selenium.NoSuchElementException: no such element: Unable to locate element: {"method":"link text","selector":"Forgot 2FA?"}
  (Session info: MicrosoftEdge=92.0.902.78)
For documentation on this error, please visit: https://www.seleniumhq.org/exceptions/no_such_element.html
Build info: version: '3.141.59', revision: 'e82be7d358', time: '2018-11-14T08:17:03'
System info: host: 'LAPTOP-IKS9SD1L', ip: '192.168.194.1', os.name: 'Windows 10', os.arch: 'amd64', os.version: '10.0', java.version: '15.0.2'
Driver info: org.openqa.selenium.edge.EdgeDriver
Capabilities {acceptInsecureCerts: false, browserName: msedge, browserVersion: 92.0.902.78, javascriptEnabled: true, ms:edgeOptions: {debuggerAddress: localhost:52527}, msedge: {msedgedriverVersion: 92.0.902.78 (cf138c12fbef5d..., userDataDir: C:\Users\Sharayu\AppData\Lo...}, networkConnectionEnabled: false, pageLoadStrategy: normal, platform: WINDOWS, platformName: WINDOWS, proxy: Proxy(), setWindowRect: true, strictFileInteractability: false, timeouts: {implicit: 0, pageLoad: 300000, script: 30000}, unhandledPromptBehavior: dismiss and notify, webauthn:extension:credBlob: true, webauthn:extension:largeBlob: true, webauthn:virtualAuthenticators: true}
Session ID: 2eabc0fecc79bb72a8765dc4932a6432
*** Element info: {Using=link text, value=Forgot 2FA?}
at org.openqa.selenium.remote.http.W3CHttpResponseCodec.createException(W3CHttpResponseCodec.java:187)
at org.openqa.selenium.remote.http.W3CHttpResponseCodec.decode(W3CHttpResponseCodec.java:122)
at org.openqa.selenium.remote.http.W3CHttpResponseCodec.decode(W3CHttpResponseCodec.java:49)
at org.openqa.selenium.remote.HttpCommandExecutor.execute(HttpCommandExecutor.java:158)
at org.openqa.selenium.remote.service.DriverCommandExecutor.execute(DriverCommandExecutor.java:83)
at org.openqa.selenium.remote.RemoteWebDriver.execute(RemoteWebDriver.java:552)
at org.openqa.selenium.remote.RemoteWebDriver.findElement(RemoteWebDriver.java:323)
at org.openqa.selenium.remote.RemoteWebDriver.findElementByLinkText(RemoteWebDriver.java:380)
at org.openqa.selenium.By$ByLinkText.findElement(By.java:220)
at org.openqa.selenium.remote.RemoteWebDriver.findElement(RemoteWebDriver.java:315)
at org.openqa.selenium.support.events.EventFiringWebDriver.lambda$new$1(EventFiringWebDriver.java:105)
at com.sun.proxy.$Proxy7.findElement(Unknown Source)
at org.openqa.selenium.support.events.EventFiringWebDriver.findElement(EventFiringWebDriver.java:194)
at org.openqa.selenium.support.pagefactory.DefaultElementLocator.findElement(DefaultElementLocator.java:69)
at org.openqa.selenium.support.pagefactory.internal.LocatingElementHandler.invoke(LocatingElementHandler.java:38)
at com.sun.proxy.$Proxy11.click(Unknown Source)
at kite.qa.pages.LoginPage2.checkForgotPasswordLink(LoginPage2.java:38)
at kite.qa.testScripts.LoginPage2Test.checkForgotPasswordLinkTest(LoginPage2Test.java:49)
at java.base/java.util.ArrayList.forEach(ArrayList.java:1511)
... Removed 41 stack frames]]>
    </failure>
  </testcase> <!-- checkForgotPasswordLinkTest -->
  <testcase classname="kite.qa.testScripts.LoginPageTest" name="checkTitleTest" time="0.031"/>
  <testcase classname="kite.qa.testScripts.LoginPageTest" name="checkLogoTest" time="0.381"/>
  <testcase classname="kite.qa.testScripts.LoginPageTest" name="checkHeaderTest" time="0.214"/>
  <testcase classname="kite.qa.testScripts.LoginPageTest" name="checkForgotPasswordLinkTest" time="0.509"/>
  <testcase classname="kite.qa.testScripts.LoginPageTest" name="checkSignUpTest" time="0.48"/>
</testsuite> <!-- Surefire test -->
